<?xml version="1.0" encoding="UTF-8"?>
<!-- Generated by org.testng.reporters.JUnitXMLReporter -->
<testsuite ignored="0" hostname="UDI-J6JVYL3" failures="0" tests="4" name="Default test" time="159.418" errors="0" timestamp="2023-05-19T14:17:46 BRT">
  <testcase classname="decima.questao.testing.VagasPageTest" name="validateSearchForArchitectOpportunty" time="29.881"/>
  <testcase classname="decima.questao.testing.GooglePageTest" name="googleTitleTest" time="0.013"/>
  <testcase classname="decima.questao.testing.GooglePageTest" name="validateFirstLinkTest" time="10.731"/>
  <testcase classname="decima.questao.testing.CarreiraPageTest" name="validateCarreiraPageTest" time="13.29"/>
</testsuite> <!-- Default test -->
