<?xml version="1.0" encoding="UTF-8"?>
<!-- Generated by org.testng.reporters.JUnitXMLReporter -->
<testsuite ignored="0" hostname="UDI-J6JVYL3" failures="0" tests="4" name="decima questao test cases" time="141.641" errors="0" timestamp="2023-05-19T14:41:34 BRT">
  <testcase classname="decima.questao.testing.GooglePageTest" name="googleTitleTest" time="0.018"/>
  <testcase classname="decima.questao.testing.GooglePageTest" name="validateFirstLinkTest" time="11.27"/>
  <testcase classname="decima.questao.testing.CarreiraPageTest" name="validateCarreiraPageTest" time="14.13"/>
  <testcase classname="decima.questao.testing.VagasPageTest" name="validateSearchForArchitectOpportunty" time="13.361"/>
</testsuite> <!-- decima questao test cases -->
